<?xml version="1.0" encoding="UTF-8" ?>
<testsuite tests="42" failures="7" name="TestSuite" time="0.03" errors="0" skipped="0">
  <properties>
    <property name="java.runtime.name" value="Java(TM) SE Runtime Environment"/>
    <property name="java.vm.version" value="14.0.2+12-46"/>
    <property name="sun.boot.library.path" value="D:\jdk-14.0.2\bin"/>
    <property name="maven.multiModuleProjectDirectory" value="D:\IntelliJIDEAProject\firstLevel\Task1"/>
    <property name="java.vm.vendor" value="Oracle Corporation"/>
    <property name="java.vendor.url" value="https://java.oracle.com/"/>
    <property name="guice.disable.misplaced.annotation.check" value="true"/>
    <property name="path.separator" value=";"/>
    <property name="java.vm.name" value="Java HotSpot(TM) 64-Bit Server VM"/>
    <property name="sun.os.patch.level" value=""/>
    <property name="user.script" value=""/>
    <property name="user.country" value="US"/>
    <property name="sun.java.launcher" value="SUN_STANDARD"/>
    <property name="java.vm.specification.name" value="Java Virtual Machine Specification"/>
    <property name="user.dir" value="D:\IntelliJIDEAProject\firstLevel\Task1"/>
    <property name="java.vm.compressedOopsMode" value="32-bit"/>
    <property name="java.runtime.version" value="14.0.2+12-46"/>
    <property name="os.arch" value="amd64"/>
    <property name="java.io.tmpdir" value="C:\Users\KirBe\AppData\Local\Temp\"/>
    <property name="line.separator" value="
"/>
    <property name="java.vm.specification.vendor" value="Oracle Corporation"/>
    <property name="user.variant" value=""/>
    <property name="os.name" value="Windows 10"/>
    <property name="classworlds.conf" value="D:\Apache\apache-maven-3.6.3\bin\..\bin\m2.conf"/>
    <property name="sun.jnu.encoding" value="Cp1252"/>
    <property name="java.library.path" value="D:\jdk-14.0.2\bin;C:\WINDOWS\Sun\Java\bin;C:\WINDOWS\system32;C:\WINDOWS;C:\Program Files (x86)\Intel\Intel(R) Management Engine Components\iCLS\;C:\Program Files\Intel\Intel(R) Management Engine Components\iCLS\;C:\Windows\system32;C:\Windows;C:\Windows\System32\Wbem;C:\Windows\System32\WindowsPowerShell\v1.0\;C:\Windows\System32\OpenSSH\;C:\Program Files (x86)\NVIDIA Corporation\PhysX\Common;C:\Program Files (x86)\Intel\Intel(R) Management Engine Components\DAL;C:\Program Files\Intel\Intel(R) Management Engine Components\DAL;C:\Program Files (x86)\Intel\Intel(R) Management Engine Components\IPT;C:\Program Files\Intel\Intel(R) Management Engine Components\IPT;C:\WINDOWS\system32;C:\WINDOWS;C:\WINDOWS\System32\Wbem;C:\WINDOWS\System32\WindowsPowerShell\v1.0\;C:\WINDOWS\System32\OpenSSH\;C:\Program Files\MySQL\MySQL Server 8.0\bin;D:\Apache\apache-maven-3.6.3\bin;D:\jdk-14.0.2\bin;C:\Users\KirBe\AppData\Local\Microsoft\WindowsApps;D:\IntellijIDEA\IntelliJ IDEA Community Edition 2020.1.2\bin;;;."/>
    <property name="maven.conf" value="D:\Apache\apache-maven-3.6.3\bin\../conf"/>
    <property name="jdk.debug" value="release"/>
    <property name="java.class.version" value="58.0"/>
    <property name="java.specification.name" value="Java Platform API Specification"/>
    <property name="sun.management.compiler" value="HotSpot 64-Bit Tiered Compilers"/>
    <property name="os.version" value="10.0"/>
    <property name="library.jansi.path" value="D:\Apache\apache-maven-3.6.3\bin\..\lib\jansi-native"/>
    <property name="user.home" value="C:\Users\KirBe"/>
    <property name="user.timezone" value="Europe/Moscow"/>
    <property name="file.encoding" value="Cp1252"/>
    <property name="java.specification.version" value="14"/>
    <property name="user.name" value="KirBe"/>
    <property name="java.class.path" value="D:\Apache\apache-maven-3.6.3\bin\..\boot\plexus-classworlds-2.6.0.jar"/>
    <property name="java.vm.specification.version" value="14"/>
    <property name="sun.arch.data.model" value="64"/>
    <property name="sun.java.command" value="org.codehaus.plexus.classworlds.launcher.Launcher test"/>
    <property name="java.home" value="D:\jdk-14.0.2"/>
    <property name="user.language" value="en"/>
    <property name="java.specification.vendor" value="Oracle Corporation"/>
    <property name="java.vm.info" value="mixed mode, sharing"/>
    <property name="java.version" value="14.0.2"/>
    <property name="java.vendor" value="Oracle Corporation"/>
    <property name="sun.stderr.encoding" value="cp437"/>
    <property name="maven.home" value="D:\Apache\apache-maven-3.6.3\bin\.."/>
    <property name="file.separator" value="\"/>
    <property name="java.version.date" value="2020-07-14"/>
    <property name="java.vendor.url.bug" value="https://bugreport.java.com/bugreport/"/>
    <property name="sun.io.unicode.encoding" value="UnicodeLittle"/>
    <property name="sun.cpu.endian" value="little"/>
    <property name="sun.stdout.encoding" value="cp437"/>
    <property name="sun.cpu.isalist" value="amd64"/>
  </properties>
  <testcase classname="FileStorageTest" name="testFileStorage" time="0.01"/>
  <testcase classname="FileStorageTest" name="testFileStorage" time="0.001"/>
  <testcase classname="FileStorageTest" name="testFileStorage" time="0"/>
  <testcase classname="FileStorageTest" name="testGetFile" time="0.005">
    <failure message="expected [File@134593bf] but found [null]" type="java.lang.AssertionError">java.lang.AssertionError: expected [File@134593bf] but found [null]
	at org.testng.Assert.fail(Assert.java:94)
	at org.testng.Assert.failNotEquals(Assert.java:513)
	at org.testng.Assert.assertEqualsImpl(Assert.java:130)
	at org.testng.Assert.assertEquals(Assert.java:116)
	at org.testng.Assert.assertEquals(Assert.java:179)
	at FileStorageTest.testGetFile(FileStorageTest.java:129)
</failure>
  </testcase>
  <testcase classname="FileStorageTest" name="testGetFile" time="0.002">
    <failure message="expected [File@3d0f8e03] but found [null]" type="java.lang.AssertionError">java.lang.AssertionError: expected [File@3d0f8e03] but found [null]
	at org.testng.Assert.fail(Assert.java:94)
	at org.testng.Assert.failNotEquals(Assert.java:513)
	at org.testng.Assert.assertEqualsImpl(Assert.java:130)
	at org.testng.Assert.assertEquals(Assert.java:116)
	at org.testng.Assert.assertEquals(Assert.java:179)
	at FileStorageTest.testGetFile(FileStorageTest.java:129)
</failure>
  </testcase>
  <testcase classname="FileStorageTest" name="testGetFile" time="0.001">
    <failure message="expected [File@2698dc7] but found [null]" type="java.lang.AssertionError">java.lang.AssertionError: expected [File@2698dc7] but found [null]
	at org.testng.Assert.fail(Assert.java:94)
	at org.testng.Assert.failNotEquals(Assert.java:513)
	at org.testng.Assert.assertEqualsImpl(Assert.java:130)
	at org.testng.Assert.assertEquals(Assert.java:116)
	at org.testng.Assert.assertEquals(Assert.java:179)
	at FileStorageTest.testGetFile(FileStorageTest.java:129)
</failure>
  </testcase>
  <testcase classname="FileTest" name="testGetFilename" time="0"/>
  <testcase classname="FileTest" name="testGetFilename" time="0"/>
  <testcase classname="FileTest" name="testGetSize" time="0"/>
  <testcase classname="FileTest" name="testGetSize" time="0"/>
  <testcase classname="TestFile" name="testGetFilename" time="0.001"/>
  <testcase classname="TestFile" name="testGetFilename" time="0"/>
  <testcase classname="TestFile" name="testGetSize" time="0"/>
  <testcase classname="TestFile" name="testGetSize" time="0"/>
  <testcase classname="WriteExceptionTest" name="testWriteFileNullException" time="0"/>
  <testcase classname="FileStorageTest" name="testGetFiles" time="0"/>
  <testcase classname="FileStorageTest" name="testIsExists" time="0"/>
  <testcase classname="FileStorageTest" name="testIsExists" time="0.001"/>
  <testcase classname="FileStorageTest" name="testIsExists" time="0"/>
  <testcase classname="FileStorageTest" name="testWrite" time="0.002">
    <failure type="exception.FileNameAlreadyExistsException">exception.FileNameAlreadyExistsException
	at FileStorage.write(FileStorage.java:35)
	at FileStorageTest.testWrite(FileStorageTest.java:91)
</failure>
    <system-out>AA
</system-out>
  </testcase>
  <testcase classname="FileStorageTest" name="testWrite" time="0.001">
    <failure message="expected [true] but found [false]" type="java.lang.AssertionError">java.lang.AssertionError: expected [true] but found [false]
	at org.testng.Assert.fail(Assert.java:94)
	at org.testng.Assert.failNotEquals(Assert.java:513)
	at org.testng.Assert.assertTrue(Assert.java:42)
	at org.testng.Assert.assertTrue(Assert.java:52)
	at FileStorageTest.testWrite(FileStorageTest.java:91)
</failure>
  </testcase>
  <testcase classname="FileStorageTest" name="testWrite" time="0.001">
    <failure type="exception.FileNameAlreadyExistsException">exception.FileNameAlreadyExistsException
	at FileStorage.write(FileStorage.java:35)
	at FileStorageTest.testWrite(FileStorageTest.java:91)
</failure>
    <system-out>@D:\JDK-intellij-downloader-info.txt
</system-out>
  </testcase>
  <testcase classname="FileStorageTest" name="testWriteException" time="0.001"/>
  <testcase classname="FileStorageTest" name="testDelete" time="0.001"/>
  <testcase classname="FileStorageTest" name="testDelete" time="0.001">
    <failure message="expected [true] but found [false]" type="java.lang.AssertionError">java.lang.AssertionError: expected [true] but found [false]
	at org.testng.Assert.fail(Assert.java:94)
	at org.testng.Assert.failNotEquals(Assert.java:513)
	at org.testng.Assert.assertTrue(Assert.java:42)
	at org.testng.Assert.assertTrue(Assert.java:52)
	at FileStorageTest.testDelete(FileStorageTest.java:115)
</failure>
  </testcase>
  <testcase classname="TestFileStorage" name="testFileStorage" time="0"/>
  <testcase classname="TestFileStorage" name="testFileStorage" time="0"/>
  <testcase classname="getFilesTest" name="testWrite" time="0"/>
  <testcase classname="getFilesTest" name="testWrite" time="0"/>
  <testcase classname="getFilesTest" name="testWrite" time="0"/>
  <testcase classname="DeleteAndIsExistTest" name="testWrite" time="0"/>
  <testcase classname="DeleteAndIsExistTest" name="testWrite" time="0"/>
  <testcase classname="DeleteAndIsExistTest" name="testWrite" time="0"/>
  <testcase classname="TestFileStorage" name="testFileStorageException" time="0"/>
  <testcase classname="getFilesTest" name="testGetFiles" time="0"/>
  <testcase classname="DeleteAndIsExistTest" name="testIsExists" time="0"/>
  <testcase classname="DeleteAndIsExistTest" name="testIsExists" time="0.001"/>
  <testcase classname="DeleteAndIsExistTest" name="testIsExists" time="0"/>
  <testcase classname="getFilesTest" name="testGetFile" time="0.001"/>
  <testcase classname="getFilesTest" name="testGetFile" time="0"/>
  <testcase classname="getFilesTest" name="testGetFile" time="0"/>
  <testcase classname="DeleteAndIsExistTest" name="testDelete" time="0"/>
</testsuite>